SF:lib\core\error\failure.dart
DA:6,7
DA:8,0
DA:9,0
DA:13,0
DA:18,1
DA:22,0
LF:6
LH:2
end_of_record
SF:lib\features\auth\domain\use_case\user_login_usecase.dart
DA:12,1
DA:14,0
DA:17,0
DA:19,0
DA:27,1
DA:30,1
DA:33,2
DA:34,1
DA:35,1
DA:38,3
DA:39,0
DA:40,0
LF:12
LH:7
end_of_record
SF:lib\app\shared_prefs\token_shared_prefs.dart
DA:9,0
DA:12,0
DA:14,0
DA:15,0
DA:17,0
DA:18,0
DA:23,0
DA:25,0
DA:26,0
DA:28,0
DA:29,0
LF:11
LH:0
end_of_record
SF:lib\features\auth\domain\entity\user_entity.dart
DA:13,18
DA:21,1
DA:23,1
DA:24,1
DA:25,1
DA:26,1
DA:27,1
DA:28,1
DA:30,1
LF:9
LH:9
end_of_record
SF:lib\features\auth\domain\use_case\user_register_usecase.dart
DA:14,2
DA:22,0
DA:29,0
DA:31,0
DA:32,0
DA:33,0
DA:34,0
DA:35,0
DA:41,1
DA:44,1
DA:46,1
DA:47,1
DA:48,1
DA:49,1
DA:50,1
DA:53,2
LF:16
LH:9
end_of_record
SF:lib\app\constant\api_endpoints.dart
DA:62,0
LF:1
LH:0
end_of_record
SF:lib\app\constant\hive_table_constant.dart
DA:2,0
LF:1
LH:0
end_of_record
SF:lib\app\service_locator\service_locator.dart
DA:74,3
DA:76,0
DA:78,0
DA:80,0
DA:81,0
DA:83,0
DA:85,0
DA:86,0
DA:87,0
DA:90,0
DA:91,0
DA:92,0
DA:93,0
DA:94,0
DA:97,0
DA:98,0
DA:99,0
DA:102,0
DA:103,0
DA:106,0
DA:107,0
DA:110,0
DA:111,0
DA:114,0
DA:115,0
DA:118,0
DA:119,0
DA:121,0
DA:122,0
DA:125,0
DA:126,0
DA:127,0
DA:130,0
DA:131,0
DA:134,0
DA:135,0
DA:137,0
DA:138,0
DA:139,0
DA:143,0
DA:144,0
DA:147,0
DA:148,0
DA:151,0
DA:152,0
DA:154,0
DA:155,0
DA:159,0
DA:160,0
DA:161,0
DA:164,0
DA:165,0
DA:168,0
DA:169,0
DA:170,0
DA:171,0
DA:172,0
DA:174,0
DA:175,0
DA:176,0
DA:177,0
DA:178,0
DA:179,0
DA:182,0
DA:183,0
DA:184,0
DA:188,0
DA:189,0
DA:190,0
DA:193,0
DA:194,0
DA:197,0
DA:198,0
DA:201,0
DA:204,0
DA:205,0
DA:206,0
DA:209,0
DA:210,0
DA:213,0
DA:214,0
DA:216,0
DA:217,0
DA:218,0
LF:84
LH:1
end_of_record
SF:lib\features\favorite\presentation\view_model\cart_view_model.dart
DA:11,0
DA:14,0
DA:15,0
DA:16,0
DA:18,0
DA:19,0
DA:21,0
DA:25,0
DA:26,0
DA:28,0
DA:29,0
DA:31,0
LF:12
LH:0
end_of_record
SF:lib\features\product\data\data_sorce\remote_datasource\favorite_remote_datasource.dart
DA:8,0
DA:10,0
DA:13,0
DA:14,0
DA:15,0
DA:16,0
DA:17,0
DA:18,0
DA:19,0
DA:20,0
DA:21,0
DA:22,0
DA:23,0
DA:24,0
DA:26,0
DA:30,0
DA:33,0
DA:35,0
DA:37,0
DA:39,0
LF:20
LH:0
end_of_record
SF:lib\core\network\api_service.dart
DA:57,0
DA:59,0
DA:60,0
DA:61,0
DA:62,0
DA:63,0
DA:64,0
DA:65,0
DA:66,0
DA:72,0
DA:73,0
DA:74,0
DA:75,0
DA:76,0
DA:77,0
DA:78,0
DA:80,0
DA:84,0
DA:91,0
DA:96,0
DA:100,0
DA:106,0
DA:109,0
DA:115,0
DA:125,0
DA:131,0
LF:26
LH:0
end_of_record
SF:lib\core\network\hive_service.dart
DA:7,0
DA:9,0
DA:10,0
DA:12,0
DA:14,0
DA:19,0
DA:20,0
DA:21,0
DA:23,0
DA:24,0
DA:25,0
DA:27,0
DA:28,0
DA:29,0
DA:33,0
DA:34,0
DA:37,0
DA:38,0
DA:39,0
DA:41,0
LF:20
LH:0
end_of_record
SF:lib\features\auth\data\data_source\local_datasource\user_local_datasource.dart
DA:9,0
DA:13,0
DA:16,0
DA:17,0
DA:19,0
DA:26,0
DA:29,0
DA:31,0
DA:33,0
DA:37,0
LF:10
LH:0
end_of_record
SF:lib\features\auth\data\data_source\remote_datasource\user_remote_datasource.dart
DA:12,0
DA:15,0
DA:18,0
DA:20,0
DA:22,0
DA:23,0
DA:26,0
DA:28,0
DA:29,0
DA:31,0
DA:35,0
DA:38,0
DA:39,0
DA:41,0
DA:43,0
DA:46,0
DA:47,0
DA:50,0
DA:51,0
DA:53,0
LF:20
LH:0
end_of_record
SF:lib\features\auth\data\repository\local_repository\user_local_repository.dart
DA:10,0
DA:14,0
DA:17,0
DA:18,0
DA:20,0
DA:26,0
DA:32,0
DA:33,0
DA:36,0
LF:9
LH:0
end_of_record
SF:lib\features\auth\data\repository\remote_repository\user_remote_repository.dart
DA:11,0
DA:18,0
DA:22,0
DA:23,0
DA:25,0
DA:31,0
DA:35,0
DA:38,0
LF:8
LH:0
end_of_record
SF:lib\features\auth\presentation\view_model\login_view_model\login_view_model.dart
DA:19,0
DA:20,0
DA:21,0
DA:24,0
DA:28,0
DA:29,0
DA:30,0
DA:31,0
DA:32,0
DA:33,0
DA:34,0
DA:43,0
DA:47,0
DA:49,0
DA:50,0
DA:53,0
DA:54,0
DA:55,0
DA:56,0
DA:57,0
DA:62,0
DA:63,0
DA:64,0
DA:65,0
DA:71,0
DA:72,0
DA:73,0
DA:74,0
LF:28
LH:0
end_of_record
SF:lib\features\auth\presentation\view_model\register_view_model\register_view_model.dart
DA:16,1
DA:21,2
DA:22,2
DA:25,1
DA:29,3
DA:30,2
DA:31,1
DA:32,1
DA:33,1
DA:34,1
DA:35,1
DA:40,1
DA:41,0
DA:42,0
DA:43,0
DA:44,0
DA:45,0
DA:52,1
DA:53,3
DA:54,1
DA:55,1
LF:21
LH:16
end_of_record
SF:lib\features\product\data\data_sorce\remote_datasource\product_remote_datasource.dart
DA:13,0
DA:16,0
DA:19,0
DA:21,0
DA:25,0
DA:26,0
DA:28,0
DA:29,0
DA:32,0
DA:34,0
DA:35,0
DA:37,0
DA:45,0
DA:48,0
DA:50,0
DA:53,0
DA:54,0
DA:56,0
DA:57,0
DA:59,0
DA:61,0
DA:62,0
LF:22
LH:0
end_of_record
SF:lib\features\product\data\repository\remote_repository\product_remote_repository.dart
DA:8,0
DA:10,0
DA:12,0
DA:15,0
DA:17,0
LF:5
LH:0
end_of_record
SF:lib\features\product\domain\repository\product_repository.dart
DA:18,0
DA:20,0
DA:22,0
DA:26,0
DA:28,0
LF:5
LH:0
end_of_record
SF:lib\features\product\domain\use_case\get_products_by_category.dart
DA:8,1
DA:10,1
DA:11,2
LF:3
LH:3
end_of_record
SF:lib\features\product\domain\use_case\search_usecase.dart
DA:7,1
DA:9,1
DA:10,2
LF:3
LH:3
end_of_record
SF:lib\features\product\presentation\view_model\product_viewmodel.dart
DA:40,1
DA:43,2
DA:45,1
DA:46,2
DA:48,2
DA:49,2
DA:51,3
DA:55,1
DA:56,2
DA:58,2
DA:59,2
DA:61,3
LF:12
LH:12
end_of_record
SF:lib\features\product\data\repository\remote_repository\favorite_remote_repository.dart
DA:13,0
DA:15,0
DA:18,0
DA:19,0
DA:21,0
DA:26,0
DA:29,0
DA:30,0
DA:32,0
LF:9
LH:0
end_of_record
SF:lib\features\product\domain\use_case\get_favorite.dart
DA:11,1
DA:13,1
DA:15,2
LF:3
LH:3
end_of_record
SF:lib\features\product\domain\use_case\toggle_favorite_usecase.dart
DA:10,0
DA:12,0
DA:14,0
LF:3
LH:0
end_of_record
SF:lib\features\product\presentation\view_model\favorite_viewmodel.dart
DA:65,3
DA:66,2
DA:67,2
DA:70,1
DA:71,2
DA:72,2
DA:74,1
DA:75,4
DA:76,3
DA:80,1
DA:81,3
DA:83,1
DA:84,4
DA:85,0
DA:87,0
DA:88,0
DA:89,0
DA:90,0
DA:93,0
LF:19
LH:13
end_of_record
SF:lib\features\cart\data\data_source\remote_datasource\cart_remote_datasource.dart
DA:16,0
DA:20,0
DA:21,0
DA:23,0
DA:24,0
DA:25,0
DA:26,0
DA:27,0
DA:28,0
DA:29,0
DA:30,0
DA:31,0
DA:32,0
DA:36,0
DA:37,0
DA:38,0
DA:39,0
DA:41,0
DA:44,0
DA:46,0
DA:47,0
DA:50,0
DA:52,0
DA:53,0
DA:56,0
DA:58,0
DA:59,0
DA:62,0
DA:64,0
DA:65,0
DA:66,0
DA:68,0
DA:71,0
DA:73,0
LF:34
LH:0
end_of_record
SF:lib\features\cart\data\repository\remote_reposiotry\cart_remote_repository.dart
DA:12,0
DA:15,0
DA:16,0
DA:17,0
DA:18,0
DA:21,0
DA:24,0
DA:25,0
DA:26,0
DA:27,0
DA:28,0
DA:30,0
DA:37,0
DA:40,0
DA:42,0
DA:44,0
DA:45,0
DA:46,0
DA:47,0
DA:49,0
DA:55,0
DA:58,0
DA:59,0
DA:60,0
DA:61,0
DA:62,0
DA:64,0
DA:67,0
DA:71,0
DA:74,0
DA:78,0
DA:79,0
DA:81,0
DA:89,0
DA:92,0
DA:93,0
DA:94,0
LF:37
LH:0
end_of_record
SF:lib\features\cart\domain\usecase\add_to_cart_usecase.dart
DA:9,0
DA:11,0
DA:12,0
LF:3
LH:0
end_of_record
SF:lib\features\cart\domain\usecase\clear_cart_usecase.dart
DA:8,0
DA:10,0
DA:11,0
LF:3
LH:0
end_of_record
SF:lib\features\cart\domain\usecase\get_cart_usecase.dart
DA:9,0
DA:11,0
DA:12,0
LF:3
LH:0
end_of_record
SF:lib\features\cart\domain\usecase\remove_from_cart_usecase.dart
DA:9,0
DA:11,0
DA:12,0
LF:3
LH:0
end_of_record
SF:lib\features\cart\domain\usecase\update_quantity_usecase.dart
DA:9,0
DA:11,0
DA:12,0
LF:3
LH:0
end_of_record
SF:lib\features\cart\presentation\view_model\cart_view_model.dart
DA:18,0
DA:24,0
DA:25,0
DA:26,0
DA:28,0
DA:29,0
DA:31,0
DA:35,0
DA:36,0
DA:38,0
DA:39,0
DA:41,0
DA:45,0
DA:46,0
DA:48,0
DA:49,0
DA:51,0
DA:55,0
DA:56,0
DA:59,0
DA:60,0
DA:62,0
DA:66,0
DA:67,0
DA:69,0
DA:70,0
DA:72,0
LF:27
LH:0
end_of_record
SF:lib\features\order\data\data_source\remote_datasource\order_remote_datasource.dart
DA:8,0
DA:10,0
DA:13,0
DA:14,0
DA:16,0
DA:21,0
DA:23,0
DA:24,0
DA:27,0
LF:9
LH:0
end_of_record
SF:lib\features\order\data\repository\remote_repository\order_repository.dart
DA:15,0
DA:17,0
DA:20,0
DA:21,0
DA:24,0
LF:5
LH:0
end_of_record
SF:lib\features\order\domain\usecase\place_order_usecase.dart
DA:13,1
DA:15,1
DA:17,2
LF:3
LH:3
end_of_record
SF:lib\features\order\presentation\view_model\order_viewmodel.dart
DA:14,3
DA:15,2
DA:18,1
DA:22,2
DA:24,3
DA:26,1
DA:27,4
DA:28,3
DA:32,1
DA:34,1
LF:10
LH:10
end_of_record
SF:lib\features\profile\data\data_source\remote_datasource\profile_remote_datasource.dart
DA:12,0
DA:14,0
DA:17,0
DA:19,0
DA:20,0
DA:21,0
DA:23,0
DA:27,0
DA:30,0
DA:33,0
DA:34,0
DA:35,0
DA:38,0
DA:44,0
DA:45,0
DA:46,0
DA:48,0
LF:17
LH:0
end_of_record
SF:lib\features\profile\data\repository\remote_repository\profile_remote_repository.dart
DA:11,0
DA:13,0
DA:16,0
DA:17,0
DA:19,0
DA:23,0
DA:26,0
DA:27,0
DA:29,0
LF:9
LH:0
end_of_record
SF:lib\features\profile\domain\usecase\get_profile_usecase.dart
DA:9,1
DA:11,1
DA:12,2
LF:3
LH:3
end_of_record
SF:lib\features\profile\domain\usecase\update_profile_usecase.dart
DA:9,1
DA:11,1
DA:15,2
LF:3
LH:3
end_of_record
SF:lib\features\profile\presentation\view_model\profile_viewmodel.dart
DA:11,3
DA:12,2
DA:13,2
DA:14,2
DA:15,1
DA:16,0
DA:17,3
DA:21,2
DA:22,2
DA:23,4
DA:24,1
DA:25,0
DA:26,3
LF:13
LH:11
end_of_record
SF:lib\core\common\snackbar\my_snackbar.dart
DA:3,1
DA:8,2
DA:9,1
DA:10,1
LF:4
LH:4
end_of_record
SF:lib\core\error\server_exception.dart
DA:4,0
DA:6,0
DA:7,0
LF:3
LH:0
end_of_record
SF:lib\core\error\server_failure.dart
DA:7,5
LF:1
LH:1
end_of_record
SF:lib\core\network\dio_error_interceptor.dart
DA:4,0
DA:8,0
DA:9,0
DA:10,0
DA:12,0
DA:13,0
DA:22,0
DA:23,0
DA:24,0
DA:26,0
DA:29,0
LF:11
LH:0
end_of_record
SF:lib\features\auth\data\model\user_hive_model.dart
DA:22,0
DA:28,0
DA:30,0
DA:37,0
DA:38,0
DA:39,0
DA:40,0
DA:41,0
DA:42,0
DA:43,0
DA:48,0
DA:49,0
DA:50,0
DA:51,0
DA:52,0
DA:53,0
DA:54,0
DA:60,0
DA:62,0
DA:64,0
DA:65,0
DA:66,0
DA:67,0
DA:68,0
LF:24
LH:0
end_of_record
SF:lib\features\auth\data\model\user_hive_model.g.dart
DA:13,0
DA:15,0
DA:16,0
DA:17,0
DA:19,0
DA:20,0
DA:21,0
DA:22,0
DA:23,0
DA:24,0
DA:28,0
DA:31,0
DA:32,0
DA:33,0
DA:34,0
DA:35,0
DA:36,0
DA:37,0
DA:38,0
DA:39,0
DA:40,0
DA:41,0
DA:44,0
DA:45,0
DA:47,0
DA:50,0
DA:51,0
DA:52,0
LF:28
LH:0
end_of_record
SF:lib\features\auth\data\model\user_api_model.dart
DA:20,0
DA:30,0
DA:31,0
DA:33,0
DA:36,0
DA:37,0
DA:38,0
DA:39,0
DA:40,0
DA:41,0
DA:42,0
DA:47,0
DA:48,0
DA:49,0
DA:50,0
DA:51,0
DA:52,0
DA:53,0
DA:57,0
DA:59,0
DA:60,0
DA:61,0
DA:62,0
DA:63,0
DA:64,0
LF:25
LH:0
end_of_record
SF:lib\features\auth\data\model\user_api_model.g.dart
DA:9,0
DA:10,0
DA:11,0
DA:12,0
DA:13,0
DA:14,0
DA:17,0
DA:18,0
DA:19,0
DA:20,0
DA:21,0
DA:22,0
DA:23,0
LF:13
LH:0
end_of_record
SF:lib\features\auth\presentation\view\dashboard_screen.dart
DA:232,0
DA:233,0
DA:237,0
DA:247,16
DA:249,0
DA:251,0
DA:253,0
DA:256,0
DA:261,0
DA:262,0
DA:264,0
DA:266,0
DA:267,0
DA:268,0
DA:269,0
DA:270,0
DA:278,0
DA:279,0
DA:280,0
DA:281,0
DA:283,0
DA:284,0
DA:288,0
DA:291,0
DA:292,0
DA:317,0
DA:318,0
DA:319,0
DA:320,0
DA:321,0
DA:322,0
DA:327,0
DA:330,0
LF:33
LH:1
end_of_record
SF:lib\features\product\presentation\view\home_screen.dart
DA:466,16
DA:470,0
DA:472,0
DA:473,0
DA:490,0
DA:492,0
DA:493,0
DA:494,0
DA:495,0
DA:496,0
DA:497,0
DA:500,0
DA:501,0
DA:502,0
DA:507,0
DA:508,0
DA:509,0
DA:510,0
DA:516,0
DA:517,0
DA:518,0
DA:519,0
DA:523,0
DA:524,0
DA:525,0
DA:529,0
DA:531,0
DA:532,0
DA:533,0
DA:534,0
DA:536,0
DA:537,0
DA:538,0
DA:543,0
DA:547,0
DA:548,0
DA:549,0
DA:550,0
DA:551,0
DA:553,0
DA:554,0
DA:555,0
DA:561,0
DA:562,0
DA:563,0
DA:565,0
DA:566,0
DA:568,0
DA:572,0
DA:574,0
DA:575,0
DA:576,0
DA:577,0
DA:580,0
DA:582,0
DA:584,0
DA:587,0
DA:589,0
DA:590,0
DA:593,0
DA:594,0
DA:595,0
DA:597,0
DA:598,0
DA:603,0
DA:605,0
DA:607,0
DA:608,0
DA:610,0
DA:612,0
DA:616,0
DA:620,0
DA:621,0
DA:624,0
DA:626,0
DA:628,0
DA:629,0
DA:632,0
DA:633,0
DA:634,0
DA:635,0
DA:648,0
DA:649,0
DA:651,0
DA:652,0
DA:654,0
DA:655,0
DA:657,0
DA:658,0
DA:659,0
DA:660,0
DA:661,0
DA:663,0
DA:664,0
DA:665,0
DA:667,0
DA:668,0
DA:669,0
DA:674,0
DA:676,0
DA:677,0
DA:678,0
DA:679,0
DA:682,0
DA:693,0
DA:694,0
DA:695,0
DA:696,0
DA:698,0
DA:699,0
DA:700,0
DA:703,0
DA:710,0
DA:711,0
DA:712,0
DA:713,0
DA:714,0
DA:717,0
DA:718,0
DA:719,0
DA:728,0
DA:729,0
DA:730,0
DA:731,0
DA:733,0
DA:734,0
DA:735,0
DA:736,0
DA:737,0
DA:740,0
DA:741,0
DA:743,0
DA:745,0
DA:747,0
DA:748,0
DA:750,0
DA:752,0
DA:753,0
DA:757,0
DA:766,0
DA:768,0
DA:769,0
DA:775,0
DA:777,0
DA:779,0
DA:780,0
DA:781,0
DA:784,0
DA:785,0
DA:790,0
DA:801,0
DA:802,0
DA:803,0
DA:806,0
DA:807,0
DA:808,0
DA:809,0
DA:810,0
DA:813,0
DA:814,0
DA:816,0
DA:818,0
DA:822,0
DA:823,0
DA:824,0
DA:825,0
DA:831,0
DA:832,0
DA:835,0
DA:836,0
DA:837,0
DA:838,0
DA:839,0
DA:840,0
DA:843,0
DA:844,0
DA:846,0
DA:848,0
DA:860,0
DA:861,0
DA:866,0
DA:867,0
DA:873,0
DA:877,0
DA:882,0
DA:883,0
DA:884,0
DA:885,0
DA:886,0
DA:888,0
DA:889,0
DA:890,0
DA:891,0
DA:893,0
DA:894,0
DA:895,0
DA:896,0
DA:899,0
DA:900,0
LF:199
LH:1
end_of_record
SF:lib\features\auth\presentation\view\login.dart
DA:13,35
DA:15,3
DA:16,3
DA:26,0
DA:27,0
DA:28,0
DA:32,3
DA:34,3
DA:36,3
DA:37,3
DA:38,3
DA:40,3
DA:41,3
DA:42,3
DA:43,3
DA:45,3
DA:65,3
DA:66,3
DA:67,1
DA:68,1
DA:69,3
DA:71,3
DA:72,3
DA:80,3
DA:81,3
DA:82,3
DA:83,1
DA:84,1
DA:85,3
DA:87,3
DA:88,3
DA:89,3
DA:91,3
DA:93,3
DA:94,3
DA:100,3
DA:101,3
DA:102,3
DA:103,3
DA:104,0
DA:105,0
DA:106,0
DA:115,3
DA:118,3
DA:119,1
DA:120,3
DA:121,2
DA:122,1
DA:124,2
DA:125,2
DA:130,3
DA:132,3
DA:133,3
DA:144,3
DA:145,0
DA:152,3
DA:166,3
DA:176,3
DA:178,3
DA:180,3
DA:181,0
DA:182,0
DA:184,0
DA:212,0
DA:214,0
DA:216,0
DA:219,0
LF:67
LH:53
end_of_record
SF:lib\features\auth\presentation\view\sign_up.dart
DA:9,32
DA:11,0
DA:12,0
DA:22,0
DA:24,0
DA:25,0
DA:26,0
DA:27,0
DA:28,0
DA:31,0
DA:33,0
DA:35,0
DA:37,0
DA:38,0
DA:39,0
DA:41,0
DA:43,0
DA:56,0
DA:57,0
DA:59,0
DA:60,0
DA:62,0
DA:63,0
DA:65,0
DA:66,0
DA:67,0
DA:71,0
DA:72,0
DA:74,0
DA:75,0
DA:76,0
DA:80,0
DA:81,0
DA:84,0
DA:85,0
DA:88,0
DA:90,0
DA:91,0
DA:95,0
DA:96,0
DA:97,0
DA:98,0
DA:100,0
DA:101,0
DA:102,0
DA:103,0
DA:123,0
DA:132,0
DA:133,0
DA:134,0
DA:136,0
DA:164,0
DA:170,0
DA:172,0
DA:176,0
DA:178,0
DA:190,0
DA:192,0
DA:194,0
DA:197,0
LF:60
LH:1
end_of_record
SF:lib\features\auth\presentation\view_model\login_view_model\login_event.dart
DA:9,0
DA:15,0
DA:23,1
LF:3
LH:1
end_of_record
SF:lib\features\auth\presentation\view_model\register_view_model\register_event.dart
DA:15,1
LF:1
LH:1
end_of_record
SF:lib\features\auth\presentation\view_model\login_view_model\login_state.dart
DA:7,1
DA:9,0
DA:11,0
DA:12,0
DA:13,0
DA:14,0
DA:18,0
DA:19,0
LF:8
LH:1
end_of_record
SF:lib\features\auth\presentation\view_model\register_view_model\register_state.dart
DA:8,1
DA:14,1
DA:19,1
DA:24,1
DA:25,0
DA:26,1
DA:31,1
DA:32,3
LF:8
LH:7
end_of_record
SF:lib\features\cart\domain\entity\cart_entity.dart
DA:6,0
LF:1
LH:0
end_of_record
SF:lib\features\cart\domain\entity\cart_item_entity.dart
DA:8,0
DA:16,0
DA:17,0
DA:19,0
DA:20,0
DA:21,0
DA:22,0
DA:23,0
DA:24,0
DA:25,0
DA:26,0
DA:27,0
DA:28,0
LF:13
LH:0
end_of_record
SF:lib\features\cart\presentation\view\cart_screen.dart
DA:18,48
DA:20,0
DA:21,0
DA:27,0
DA:29,0
DA:30,0
DA:33,0
DA:34,0
DA:36,0
DA:37,0
DA:41,0
DA:42,0
DA:43,0
DA:44,0
DA:47,0
DA:48,0
DA:49,0
DA:50,0
DA:53,0
DA:55,0
DA:56,0
DA:57,0
DA:58,0
DA:64,0
DA:66,0
DA:67,0
DA:68,0
DA:70,0
DA:72,0
DA:73,0
DA:74,0
DA:75,0
DA:80,0
DA:82,0
DA:83,0
DA:85,0
DA:87,0
DA:88,0
DA:89,0
DA:93,0
DA:94,0
DA:95,0
DA:97,0
DA:98,0
DA:99,0
DA:103,0
DA:104,0
DA:105,0
DA:128,0
DA:130,0
DA:131,0
DA:132,0
DA:134,0
DA:135,0
DA:137,0
DA:146,0
DA:148,0
DA:151,0
DA:153,0
DA:154,0
DA:155,0
DA:156,0
DA:157,0
DA:158,0
DA:159,0
DA:165,0
DA:166,0
DA:167,0
DA:168,0
DA:171,0
DA:173,0
DA:174,0
DA:175,0
DA:176,0
DA:179,0
DA:180,0
DA:181,0
DA:182,0
DA:187,0
DA:192,0
DA:193,0
DA:197,0
DA:198,0
DA:199,0
DA:205,0
DA:207,0
DA:209,0
DA:210,0
DA:213,0
DA:214,0
DA:215,0
DA:216,0
DA:219,0
DA:220,0
DA:224,0
DA:225,0
DA:228,0
DA:231,0
DA:232,0
DA:233,0
DA:245,0
DA:247,0
DA:249,0
DA:250,0
DA:251,0
DA:253,0
DA:258,0
DA:259,0
DA:260,0
DA:261,0
DA:263,0
DA:265,0
DA:266,0
DA:267,0
DA:271,0
DA:272,0
DA:286,0
DA:287,0
DA:288,0
DA:289,0
DA:301,0
DA:302,0
DA:309,0
DA:313,0
DA:315,0
DA:318,0
DA:330,0
DA:332,0
DA:334,0
DA:336,0
DA:337,0
DA:338,0
DA:343,0
DA:344,0
DA:356,0
DA:358,0
DA:359,0
DA:360,0
DA:361,0
DA:362,0
DA:366,0
LF:141
LH:1
end_of_record
SF:lib\features\product\presentation\view\favorite_screen.dart
DA:289,17
DA:291,1
DA:292,1
DA:298,1
DA:300,1
DA:301,4
DA:304,0
DA:305,0
DA:306,0
DA:308,0
DA:309,0
DA:310,0
DA:311,0
DA:314,0
DA:315,0
DA:316,0
DA:317,0
DA:320,0
DA:326,1
DA:328,1
DA:329,1
DA:331,1
DA:332,1
DA:333,1
DA:334,1
DA:335,1
DA:339,1
DA:340,1
DA:341,1
DA:343,1
DA:344,1
DA:345,1
DA:349,1
DA:350,1
DA:351,1
DA:374,1
DA:376,1
DA:377,0
DA:378,0
DA:379,0
DA:380,0
DA:384,1
DA:385,1
DA:387,1
DA:388,1
DA:389,1
DA:390,1
DA:391,1
DA:393,1
DA:395,1
DA:400,1
DA:401,1
DA:402,0
DA:403,1
DA:404,1
DA:407,2
DA:408,0
DA:409,2
DA:412,1
DA:414,2
DA:415,1
DA:416,1
DA:418,0
DA:419,0
DA:421,0
DA:422,0
DA:426,1
DA:427,1
DA:428,1
DA:429,0
DA:434,0
DA:438,1
DA:439,1
DA:442,1
DA:443,2
DA:444,1
DA:446,1
DA:450,1
DA:452,1
DA:453,1
DA:456,0
DA:457,0
DA:458,0
DA:459,0
DA:460,0
DA:464,0
DA:465,0
DA:471,1
DA:474,0
DA:475,0
DA:476,0
DA:487,1
DA:488,1
DA:489,1
DA:490,1
DA:491,2
DA:501,1
DA:502,1
DA:503,1
DA:507,1
DA:511,1
DA:513,1
DA:516,1
DA:530,1
DA:532,1
DA:533,1
DA:534,4
DA:535,2
DA:536,1
DA:540,0
LF:110
LH:75
end_of_record
SF:lib\features\cart\presentation\view_model\cart_event.dart
DA:4,0
DA:6,0
DA:7,0
DA:15,0
DA:17,0
DA:18,0
DA:24,0
DA:26,0
DA:27,0
DA:34,0
DA:36,0
DA:37,0
LF:12
LH:0
end_of_record
SF:lib\features\cart\presentation\view_model\cart_state.dart
DA:41,0
DA:43,0
DA:44,0
DA:57,0
DA:59,0
DA:60,0
DA:67,0
DA:69,0
DA:70,0
LF:9
LH:0
end_of_record
SF:lib\features\order\domain\entity\order_item_entity.dart
DA:12,2
DA:25,1
LF:2
LH:2
end_of_record
SF:lib\features\order\presentation\view\order_screen.dart
DA:13,0
DA:15,0
DA:16,0
DA:26,0
DA:27,0
DA:28,0
DA:29,0
DA:30,0
DA:31,0
DA:32,0
DA:33,0
DA:36,0
DA:40,0
DA:42,0
DA:43,0
DA:44,0
DA:45,0
DA:48,0
DA:50,0
DA:51,0
DA:53,0
DA:55,0
DA:61,0
DA:62,0
DA:64,0
DA:68,0
DA:69,0
DA:70,0
DA:72,0
DA:73,0
DA:74,0
DA:78,0
DA:79,0
DA:80,0
DA:107,0
DA:109,0
DA:110,0
DA:111,0
DA:112,0
DA:114,0
DA:116,0
DA:117,0
DA:118,0
DA:122,0
DA:123,0
DA:124,0
DA:125,0
DA:126,0
DA:128,0
DA:129,0
DA:130,0
DA:135,0
DA:136,0
DA:141,0
DA:142,0
DA:148,0
DA:149,0
DA:150,0
DA:152,0
DA:153,0
DA:154,0
DA:155,0
DA:157,0
DA:158,0
DA:159,0
DA:163,0
DA:169,0
DA:170,0
DA:171,0
DA:176,0
DA:177,0
DA:178,0
DA:181,0
DA:182,0
DA:185,0
DA:204,0
DA:210,0
DA:211,0
DA:212,0
DA:215,0
DA:217,0
DA:218,0
DA:219,0
DA:220,0
DA:222,0
DA:223,0
DA:224,0
DA:228,0
DA:234,0
DA:236,0
DA:237,0
DA:238,0
DA:239,0
DA:240,0
DA:244,0
LF:95
LH:0
end_of_record
SF:lib\features\profile\presentation\view\profile_screen.dart
DA:391,18
DA:393,2
DA:394,2
DA:405,2
DA:407,2
DA:408,8
DA:410,4
DA:411,4
DA:412,4
DA:413,4
DA:416,2
DA:419,2
DA:421,6
DA:422,0
DA:423,0
DA:426,0
DA:427,0
DA:432,0
DA:440,0
DA:441,0
DA:442,0
DA:443,0
DA:449,2
DA:451,4
DA:452,4
DA:453,4
DA:454,4
DA:455,4
DA:456,2
DA:459,0
DA:460,0
DA:461,0
DA:463,0
DA:464,0
DA:465,0
DA:466,0
DA:469,0
DA:472,0
DA:473,0
DA:475,0
DA:480,2
DA:482,2
DA:483,2
DA:485,2
DA:486,2
DA:487,2
DA:488,2
DA:489,2
DA:493,2
DA:494,2
DA:495,2
DA:497,2
DA:498,2
DA:499,2
DA:503,2
DA:504,2
DA:505,2
DA:515,2
DA:517,2
DA:518,2
DA:519,2
DA:522,2
DA:542,2
DA:544,2
DA:545,0
DA:546,0
DA:547,0
DA:562,0
DA:563,0
DA:564,0
DA:565,0
DA:566,0
DA:572,0
DA:573,0
DA:581,2
DA:582,2
DA:584,3
DA:585,4
DA:587,6
DA:588,6
DA:589,6
DA:591,2
DA:592,2
DA:594,4
DA:595,2
DA:596,2
DA:598,2
DA:599,2
DA:600,4
DA:602,4
DA:604,4
DA:606,4
DA:608,2
DA:609,2
DA:610,2
DA:611,2
DA:612,4
DA:613,4
DA:614,4
DA:615,2
DA:616,2
DA:618,4
DA:619,2
DA:621,6
DA:623,0
DA:627,2
DA:631,2
DA:632,1
DA:633,2
DA:649,2
DA:650,1
DA:652,2
DA:656,2
DA:665,1
DA:666,1
DA:667,1
DA:668,1
DA:669,2
DA:680,2
DA:681,2
DA:682,2
DA:686,2
DA:690,2
DA:692,2
DA:695,2
DA:707,2
DA:709,2
DA:713,2
DA:715,4
DA:716,2
DA:717,2
DA:718,2
DA:724,2
DA:725,2
DA:729,2
DA:730,4
DA:738,2
DA:740,2
DA:741,2
DA:742,8
DA:743,4
DA:744,2
DA:748,0
LF:143
LH:111
end_of_record
SF:lib\features\favorite\presentation\view_model\cart_event.dart
DA:8,0
LF:1
LH:0
end_of_record
SF:lib\features\favorite\presentation\view_model\cart_state.dart
DA:5,0
DA:6,0
DA:16,0
DA:18,0
DA:19,0
DA:25,0
DA:27,0
DA:28,0
LF:8
LH:0
end_of_record
SF:lib\features\order\data\model\order_model.dart
DA:11,0
DA:16,0
DA:17,0
DA:18,0
DA:19,0
DA:20,0
DA:21,0
DA:25,0
DA:26,0
DA:27,0
DA:28,0
DA:32,0
DA:33,0
DA:36,0
DA:37,0
DA:38,0
DA:39,0
DA:43,0
DA:44,0
DA:54,0
DA:62,0
DA:63,0
DA:64,0
DA:65,0
DA:66,0
DA:67,0
DA:68,0
DA:70,0
DA:71,0
DA:75,0
DA:76,0
DA:77,0
DA:78,0
DA:79,0
DA:80,0
DA:81,0
DA:85,0
DA:86,0
DA:87,0
DA:88,0
DA:89,0
DA:90,0
DA:91,0
DA:95,0
DA:96,0
DA:97,0
DA:98,0
DA:99,0
DA:100,0
DA:101,0
DA:105,0
DA:106,0
LF:52
LH:0
end_of_record
SF:lib\features\order\presentation\view\order_succes_screen.dart
DA:8,16
DA:10,0
DA:12,0
DA:14,0
DA:15,0
DA:16,0
DA:18,0
DA:20,0
DA:46,0
DA:48,0
DA:49,0
DA:50,0
DA:52,0
DA:53,0
DA:55,0
DA:58,0
DA:61,0
DA:62,0
LF:18
LH:1
end_of_record
SF:lib\features\order\presentation\view_model\order_event.dart
DA:8,1
DA:14,1
DA:16,0
DA:17,0
LF:4
LH:2
end_of_record
SF:lib\features\order\presentation\view_model\order_state.dart
DA:6,1
DA:8,0
DA:9,0
DA:21,1
DA:23,0
DA:24,0
LF:6
LH:2
end_of_record
SF:lib\features\product\domain\entity\product_entity.dart
DA:13,22
DA:24,1
DA:25,1
DA:26,1
DA:27,1
DA:28,1
DA:29,1
DA:30,1
DA:31,1
DA:32,1
DA:33,1
DA:36,0
LF:12
LH:11
end_of_record
SF:lib\features\product\data\model\product_model.dart
DA:91,0
DA:102,0
DA:103,0
DA:104,0
DA:105,0
DA:106,0
DA:107,0
DA:108,0
DA:109,0
DA:110,0
DA:111,0
DA:112,0
DA:113,0
DA:117,0
DA:118,0
DA:119,0
DA:120,0
DA:121,0
DA:122,0
DA:123,0
DA:124,0
DA:125,0
DA:126,0
DA:130,0
DA:131,0
DA:132,0
DA:133,0
DA:134,0
DA:135,0
DA:136,0
DA:137,0
DA:138,0
DA:139,0
DA:143,0
DA:144,0
DA:145,0
DA:146,0
DA:147,0
DA:148,0
DA:149,0
DA:150,0
DA:151,0
DA:152,0
DA:156,0
DA:157,0
DA:158,0
DA:159,0
DA:160,0
DA:161,0
DA:162,0
DA:163,0
DA:164,0
DA:165,0
LF:53
LH:0
end_of_record
SF:lib\features\product\data\model\product_model.g.dart
DA:9,0
DA:10,0
DA:11,0
DA:12,0
DA:13,0
DA:14,0
DA:15,0
DA:16,0
DA:17,0
DA:18,0
DA:21,0
DA:22,0
DA:23,0
DA:24,0
DA:25,0
DA:26,0
DA:27,0
DA:28,0
DA:29,0
DA:30,0
LF:20
LH:0
end_of_record
SF:lib\features\product\domain\entity\favorite_entity.dart
DA:7,0
LF:1
LH:0
end_of_record
SF:lib\features\product\presentation\view\product_detail_screen.dart
DA:14,0
DA:16,0
DA:18,0
DA:19,0
DA:27,0
DA:28,0
DA:29,0
DA:31,0
DA:32,0
DA:33,0
DA:34,0
DA:35,0
DA:38,0
DA:40,0
DA:42,0
DA:43,0
DA:44,0
DA:45,0
DA:46,0
DA:47,0
DA:52,0
DA:58,0
DA:59,0
DA:60,0
DA:62,0
DA:63,0
DA:68,0
DA:70,0
DA:74,0
DA:76,0
DA:77,0
DA:78,0
DA:82,0
DA:84,0
DA:85,0
DA:86,0
DA:88,0
DA:89,0
DA:97,0
DA:98,0
LF:40
LH:0
end_of_record
SF:lib\features\product\presentation\view_model\favorite_event.dart
DA:4,0
DA:5,0
DA:15,1
DA:17,0
DA:18,0
LF:5
LH:1
end_of_record
SF:lib\features\product\presentation\view_model\favorite_state.dart
DA:6,1
DA:7,1
DA:16,2
DA:23,2
DA:25,1
DA:26,2
LF:6
LH:6
end_of_record
SF:lib\features\product\presentation\view_model\product_state.dart
DA:5,1
DA:7,1
DA:8,1
DA:18,1
DA:20,1
DA:21,2
DA:27,1
DA:29,0
DA:30,0
LF:9
LH:7
end_of_record
SF:lib\features\product\presentation\view_model\product_event.dart
DA:4,0
DA:6,0
DA:7,0
DA:13,0
DA:15,0
DA:16,0
DA:23,0
DA:25,0
DA:26,0
LF:9
LH:0
end_of_record
SF:lib\features\profile\domain\entity\profile_entity.dart
DA:11,22
DA:20,0
DA:21,0
DA:22,0
DA:23,0
DA:24,0
DA:25,0
DA:26,0
DA:27,0
DA:30,0
LF:10
LH:1
end_of_record
SF:lib\features\profile\data\model\profile_model.dart
DA:4,0
DA:11,0
DA:20,0
DA:21,0
DA:22,0
DA:23,0
DA:24,0
DA:25,0
DA:26,0
DA:27,0
DA:31,0
DA:32,0
DA:33,0
DA:34,0
DA:35,0
DA:36,0
DA:37,0
DA:41,0
DA:42,0
DA:43,0
DA:44,0
DA:45,0
DA:46,0
DA:47,0
DA:48,0
LF:25
LH:0
end_of_record
SF:lib\features\profile\presentation\view_model\profile_event.dart
DA:5,2
DA:7,0
DA:8,0
DA:17,2
DA:19,0
DA:20,0
LF:6
LH:2
end_of_record
SF:lib\features\profile\presentation\view_model\profile_state.dart
DA:5,2
DA:7,1
DA:8,1
DA:18,2
DA:20,0
DA:21,0
DA:27,1
DA:29,0
DA:30,0
DA:36,1
DA:38,0
DA:39,0
LF:12
LH:6
end_of_record
SF:lib\features\splash\presentation\view_model\splash_view_model.dart
DA:9,2
DA:12,1
DA:13,2
DA:16,1
DA:17,1
DA:19,1
DA:20,2
DA:21,2
DA:22,1
LF:9
LH:9
end_of_record
